0 info it worked if it ends with ok
1 verbose cli [ '/usr/local/bin/node', '/usr/local/bin/npm', 'install' ]
2 info using npm@1.4.14
3 info using node@v0.10.29
4 warn package.json gesture-app@1.0.0 No repository field.
5 verbose readDependencies using package.json deps
6 verbose install where, deps [ '/home/slaw/apps/gesture-app',
6 verbose install   [ 'gulp',
6 verbose install     'gulp-sass',
6 verbose install     'gulp-concat',
6 verbose install     'gulp-minify-css',
6 verbose install     'gulp-rename',
6 verbose install     'bower',
6 verbose install     'gulp-util',
6 verbose install     'shelljs' ] ]
7 info preinstall gesture-app@1.0.0
8 verbose readDependencies using package.json deps
9 verbose cache add [ 'gulp@^3.5.6', null ]
10 verbose cache add name=undefined spec="gulp@^3.5.6" args=["gulp@^3.5.6",null]
11 verbose parsed url { protocol: null,
11 verbose parsed url   slashes: null,
11 verbose parsed url   auth: null,
11 verbose parsed url   host: null,
11 verbose parsed url   port: null,
11 verbose parsed url   hostname: null,
11 verbose parsed url   hash: null,
11 verbose parsed url   search: null,
11 verbose parsed url   query: null,
11 verbose parsed url   pathname: 'gulp@^3.5.6',
11 verbose parsed url   path: 'gulp@^3.5.6',
11 verbose parsed url   href: 'gulp@^3.5.6' }
12 verbose cache add [ 'gulp-sass@^0.7.1', null ]
13 verbose cache add name=undefined spec="gulp-sass@^0.7.1" args=["gulp-sass@^0.7.1",null]
14 verbose parsed url { protocol: null,
14 verbose parsed url   slashes: null,
14 verbose parsed url   auth: null,
14 verbose parsed url   host: null,
14 verbose parsed url   port: null,
14 verbose parsed url   hostname: null,
14 verbose parsed url   hash: null,
14 verbose parsed url   search: null,
14 verbose parsed url   query: null,
14 verbose parsed url   pathname: 'gulp-sass@^0.7.1',
14 verbose parsed url   path: 'gulp-sass@^0.7.1',
14 verbose parsed url   href: 'gulp-sass@^0.7.1' }
15 verbose cache add name="gulp" spec="^3.5.6" args=["gulp","^3.5.6"]
16 verbose parsed url { protocol: null,
16 verbose parsed url   slashes: null,
16 verbose parsed url   auth: null,
16 verbose parsed url   host: null,
16 verbose parsed url   port: null,
16 verbose parsed url   hostname: null,
16 verbose parsed url   hash: null,
16 verbose parsed url   search: null,
16 verbose parsed url   query: null,
16 verbose parsed url   pathname: '^3.5.6',
16 verbose parsed url   path: '^3.5.6',
16 verbose parsed url   href: '^3.5.6' }
17 verbose addNamed [ 'gulp', '^3.5.6' ]
18 verbose addNamed [ null, '>=3.5.6-0 <4.0.0-0' ]
19 verbose cache add name="gulp-sass" spec="^0.7.1" args=["gulp-sass","^0.7.1"]
20 verbose parsed url { protocol: null,
20 verbose parsed url   slashes: null,
20 verbose parsed url   auth: null,
20 verbose parsed url   host: null,
20 verbose parsed url   port: null,
20 verbose parsed url   hostname: null,
20 verbose parsed url   hash: null,
20 verbose parsed url   search: null,
20 verbose parsed url   query: null,
20 verbose parsed url   pathname: '^0.7.1',
20 verbose parsed url   path: '^0.7.1',
20 verbose parsed url   href: '^0.7.1' }
21 verbose addNamed [ 'gulp-sass', '^0.7.1' ]
22 verbose addNamed [ null, '>=0.7.1-0 <0.8.0-0' ]
23 verbose cache add [ 'gulp-minify-css@^0.3.0', null ]
24 verbose cache add name=undefined spec="gulp-minify-css@^0.3.0" args=["gulp-minify-css@^0.3.0",null]
25 verbose parsed url { protocol: null,
25 verbose parsed url   slashes: null,
25 verbose parsed url   auth: null,
25 verbose parsed url   host: null,
25 verbose parsed url   port: null,
25 verbose parsed url   hostname: null,
25 verbose parsed url   hash: null,
25 verbose parsed url   search: null,
25 verbose parsed url   query: null,
25 verbose parsed url   pathname: 'gulp-minify-css@^0.3.0',
25 verbose parsed url   path: 'gulp-minify-css@^0.3.0',
25 verbose parsed url   href: 'gulp-minify-css@^0.3.0' }
26 verbose cache add [ 'gulp-concat@^2.2.0', null ]
27 verbose cache add name=undefined spec="gulp-concat@^2.2.0" args=["gulp-concat@^2.2.0",null]
28 verbose parsed url { protocol: null,
28 verbose parsed url   slashes: null,
28 verbose parsed url   auth: null,
28 verbose parsed url   host: null,
28 verbose parsed url   port: null,
28 verbose parsed url   hostname: null,
28 verbose parsed url   hash: null,
28 verbose parsed url   search: null,
28 verbose parsed url   query: null,
28 verbose parsed url   pathname: 'gulp-concat@^2.2.0',
28 verbose parsed url   path: 'gulp-concat@^2.2.0',
28 verbose parsed url   href: 'gulp-concat@^2.2.0' }
29 verbose cache add [ 'gulp-rename@^1.2.0', null ]
30 verbose cache add name=undefined spec="gulp-rename@^1.2.0" args=["gulp-rename@^1.2.0",null]
31 verbose parsed url { protocol: null,
31 verbose parsed url   slashes: null,
31 verbose parsed url   auth: null,
31 verbose parsed url   host: null,
31 verbose parsed url   port: null,
31 verbose parsed url   hostname: null,
31 verbose parsed url   hash: null,
31 verbose parsed url   search: null,
31 verbose parsed url   query: null,
31 verbose parsed url   pathname: 'gulp-rename@^1.2.0',
31 verbose parsed url   path: 'gulp-rename@^1.2.0',
31 verbose parsed url   href: 'gulp-rename@^1.2.0' }
32 verbose cache add [ 'bower@^1.3.3', null ]
33 verbose cache add name=undefined spec="bower@^1.3.3" args=["bower@^1.3.3",null]
34 verbose parsed url { protocol: null,
34 verbose parsed url   slashes: null,
34 verbose parsed url   auth: null,
34 verbose parsed url   host: null,
34 verbose parsed url   port: null,
34 verbose parsed url   hostname: null,
34 verbose parsed url   hash: null,
34 verbose parsed url   search: null,
34 verbose parsed url   query: null,
34 verbose parsed url   pathname: 'bower@^1.3.3',
34 verbose parsed url   path: 'bower@^1.3.3',
34 verbose parsed url   href: 'bower@^1.3.3' }
35 verbose cache add [ 'gulp-util@^2.2.14', null ]
36 verbose cache add name=undefined spec="gulp-util@^2.2.14" args=["gulp-util@^2.2.14",null]
37 verbose parsed url { protocol: null,
37 verbose parsed url   slashes: null,
37 verbose parsed url   auth: null,
37 verbose parsed url   host: null,
37 verbose parsed url   port: null,
37 verbose parsed url   hostname: null,
37 verbose parsed url   hash: null,
37 verbose parsed url   search: null,
37 verbose parsed url   query: null,
37 verbose parsed url   pathname: 'gulp-util@^2.2.14',
37 verbose parsed url   path: 'gulp-util@^2.2.14',
37 verbose parsed url   href: 'gulp-util@^2.2.14' }
38 silly lockFile 28ac0b1b-gulp-3-5-6 gulp@^3.5.6
39 verbose lock gulp@^3.5.6 /home/slaw/.npm/28ac0b1b-gulp-3-5-6.lock
40 silly lockFile 77100620-gulp-sass-0-7-1 gulp-sass@^0.7.1
41 verbose lock gulp-sass@^0.7.1 /home/slaw/.npm/77100620-gulp-sass-0-7-1.lock
42 verbose cache add name="gulp-minify-css" spec="^0.3.0" args=["gulp-minify-css","^0.3.0"]
43 verbose parsed url { protocol: null,
43 verbose parsed url   slashes: null,
43 verbose parsed url   auth: null,
43 verbose parsed url   host: null,
43 verbose parsed url   port: null,
43 verbose parsed url   hostname: null,
43 verbose parsed url   hash: null,
43 verbose parsed url   search: null,
43 verbose parsed url   query: null,
43 verbose parsed url   pathname: '^0.3.0',
43 verbose parsed url   path: '^0.3.0',
43 verbose parsed url   href: '^0.3.0' }
44 verbose addNamed [ 'gulp-minify-css', '^0.3.0' ]
45 verbose addNamed [ null, '>=0.3.0-0 <0.4.0-0' ]
46 silly lockFile 97140670-gulp-minify-css-0-3-0 gulp-minify-css@^0.3.0
47 verbose lock gulp-minify-css@^0.3.0 /home/slaw/.npm/97140670-gulp-minify-css-0-3-0.lock
48 verbose cache add name="gulp-concat" spec="^2.2.0" args=["gulp-concat","^2.2.0"]
49 verbose parsed url { protocol: null,
49 verbose parsed url   slashes: null,
49 verbose parsed url   auth: null,
49 verbose parsed url   host: null,
49 verbose parsed url   port: null,
49 verbose parsed url   hostname: null,
49 verbose parsed url   hash: null,
49 verbose parsed url   search: null,
49 verbose parsed url   query: null,
49 verbose parsed url   pathname: '^2.2.0',
49 verbose parsed url   path: '^2.2.0',
49 verbose parsed url   href: '^2.2.0' }
50 verbose addNamed [ 'gulp-concat', '^2.2.0' ]
51 verbose addNamed [ null, '>=2.2.0-0 <3.0.0-0' ]
52 silly lockFile bade1119-gulp-concat-2-2-0 gulp-concat@^2.2.0
53 verbose lock gulp-concat@^2.2.0 /home/slaw/.npm/bade1119-gulp-concat-2-2-0.lock
54 verbose cache add name="gulp-rename" spec="^1.2.0" args=["gulp-rename","^1.2.0"]
55 verbose parsed url { protocol: null,
55 verbose parsed url   slashes: null,
55 verbose parsed url   auth: null,
55 verbose parsed url   host: null,
55 verbose parsed url   port: null,
55 verbose parsed url   hostname: null,
55 verbose parsed url   hash: null,
55 verbose parsed url   search: null,
55 verbose parsed url   query: null,
55 verbose parsed url   pathname: '^1.2.0',
55 verbose parsed url   path: '^1.2.0',
55 verbose parsed url   href: '^1.2.0' }
56 verbose addNamed [ 'gulp-rename', '^1.2.0' ]
57 verbose addNamed [ null, '>=1.2.0-0 <2.0.0-0' ]
58 silly lockFile 31cef36d-gulp-rename-1-2-0 gulp-rename@^1.2.0
59 verbose lock gulp-rename@^1.2.0 /home/slaw/.npm/31cef36d-gulp-rename-1-2-0.lock
60 verbose cache add name="bower" spec="^1.3.3" args=["bower","^1.3.3"]
61 verbose parsed url { protocol: null,
61 verbose parsed url   slashes: null,
61 verbose parsed url   auth: null,
61 verbose parsed url   host: null,
61 verbose parsed url   port: null,
61 verbose parsed url   hostname: null,
61 verbose parsed url   hash: null,
61 verbose parsed url   search: null,
61 verbose parsed url   query: null,
61 verbose parsed url   pathname: '^1.3.3',
61 verbose parsed url   path: '^1.3.3',
61 verbose parsed url   href: '^1.3.3' }
62 verbose addNamed [ 'bower', '^1.3.3' ]
63 verbose addNamed [ null, '>=1.3.3-0 <2.0.0-0' ]
64 silly lockFile 0aa5c27e-bower-1-3-3 bower@^1.3.3
65 verbose lock bower@^1.3.3 /home/slaw/.npm/0aa5c27e-bower-1-3-3.lock
66 verbose cache add name="gulp-util" spec="^2.2.14" args=["gulp-util","^2.2.14"]
67 verbose parsed url { protocol: null,
67 verbose parsed url   slashes: null,
67 verbose parsed url   auth: null,
67 verbose parsed url   host: null,
67 verbose parsed url   port: null,
67 verbose parsed url   hostname: null,
67 verbose parsed url   hash: null,
67 verbose parsed url   search: null,
67 verbose parsed url   query: null,
67 verbose parsed url   pathname: '^2.2.14',
67 verbose parsed url   path: '^2.2.14',
67 verbose parsed url   href: '^2.2.14' }
68 verbose addNamed [ 'gulp-util', '^2.2.14' ]
69 verbose addNamed [ null, '>=2.2.14-0 <3.0.0-0' ]
70 silly lockFile e3e5f16b-gulp-util-2-2-14 gulp-util@^2.2.14
71 verbose lock gulp-util@^2.2.14 /home/slaw/.npm/e3e5f16b-gulp-util-2-2-14.lock
72 verbose cache add [ 'shelljs@^0.3.0', null ]
73 verbose cache add name=undefined spec="shelljs@^0.3.0" args=["shelljs@^0.3.0",null]
74 verbose parsed url { protocol: null,
74 verbose parsed url   slashes: null,
74 verbose parsed url   auth: null,
74 verbose parsed url   host: null,
74 verbose parsed url   port: null,
74 verbose parsed url   hostname: null,
74 verbose parsed url   hash: null,
74 verbose parsed url   search: null,
74 verbose parsed url   query: null,
74 verbose parsed url   pathname: 'shelljs@^0.3.0',
74 verbose parsed url   path: 'shelljs@^0.3.0',
74 verbose parsed url   href: 'shelljs@^0.3.0' }
75 verbose cache add name="shelljs" spec="^0.3.0" args=["shelljs","^0.3.0"]
76 verbose parsed url { protocol: null,
76 verbose parsed url   slashes: null,
76 verbose parsed url   auth: null,
76 verbose parsed url   host: null,
76 verbose parsed url   port: null,
76 verbose parsed url   hostname: null,
76 verbose parsed url   hash: null,
76 verbose parsed url   search: null,
76 verbose parsed url   query: null,
76 verbose parsed url   pathname: '^0.3.0',
76 verbose parsed url   path: '^0.3.0',
76 verbose parsed url   href: '^0.3.0' }
77 verbose addNamed [ 'shelljs', '^0.3.0' ]
78 verbose addNamed [ null, '>=0.3.0-0 <0.4.0-0' ]
79 silly lockFile 1ddaa962-shelljs-0-3-0 shelljs@^0.3.0
80 verbose lock shelljs@^0.3.0 /home/slaw/.npm/1ddaa962-shelljs-0-3-0.lock
81 silly addNameRange { name: 'gulp', range: '>=3.5.6-0 <4.0.0-0', hasData: false }
82 silly addNameRange { name: 'gulp-sass',
82 silly addNameRange   range: '>=0.7.1-0 <0.8.0-0',
82 silly addNameRange   hasData: false }
83 silly addNameRange { name: 'gulp-minify-css',
83 silly addNameRange   range: '>=0.3.0-0 <0.4.0-0',
83 silly addNameRange   hasData: false }
84 silly addNameRange { name: 'gulp-concat',
84 silly addNameRange   range: '>=2.2.0-0 <3.0.0-0',
84 silly addNameRange   hasData: false }
85 silly addNameRange { name: 'gulp-rename',
85 silly addNameRange   range: '>=1.2.0-0 <2.0.0-0',
85 silly addNameRange   hasData: false }
86 silly addNameRange { name: 'bower', range: '>=1.3.3-0 <2.0.0-0', hasData: false }
87 silly addNameRange { name: 'gulp-util',
87 silly addNameRange   range: '>=2.2.14-0 <3.0.0-0',
87 silly addNameRange   hasData: false }
88 verbose url raw gulp
89 verbose url resolving [ 'http://registry.npmjs.org/', './gulp' ]
90 verbose url resolved http://registry.npmjs.org/gulp
91 info trying registry request attempt 1 at 20:30:29
92 http GET http://registry.npmjs.org/gulp
93 verbose url raw gulp-sass
94 verbose url resolving [ 'http://registry.npmjs.org/', './gulp-sass' ]
95 verbose url resolved http://registry.npmjs.org/gulp-sass
96 info trying registry request attempt 1 at 20:30:29
97 http GET http://registry.npmjs.org/gulp-sass
98 verbose url raw gulp-minify-css
99 verbose url resolving [ 'http://registry.npmjs.org/', './gulp-minify-css' ]
100 verbose url resolved http://registry.npmjs.org/gulp-minify-css
101 info trying registry request attempt 1 at 20:30:29
102 http GET http://registry.npmjs.org/gulp-minify-css
103 verbose url raw gulp-concat
104 verbose url resolving [ 'http://registry.npmjs.org/', './gulp-concat' ]
105 verbose url resolved http://registry.npmjs.org/gulp-concat
106 info trying registry request attempt 1 at 20:30:29
107 http GET http://registry.npmjs.org/gulp-concat
108 verbose url raw gulp-rename
109 verbose url resolving [ 'http://registry.npmjs.org/', './gulp-rename' ]
110 verbose url resolved http://registry.npmjs.org/gulp-rename
111 info trying registry request attempt 1 at 20:30:29
112 http GET http://registry.npmjs.org/gulp-rename
113 verbose url raw bower
114 verbose url resolving [ 'http://registry.npmjs.org/', './bower' ]
115 verbose url resolved http://registry.npmjs.org/bower
116 info trying registry request attempt 1 at 20:30:29
117 http GET http://registry.npmjs.org/bower
118 verbose url raw gulp-util
119 verbose url resolving [ 'http://registry.npmjs.org/', './gulp-util' ]
120 verbose url resolved http://registry.npmjs.org/gulp-util
121 info trying registry request attempt 1 at 20:30:29
122 http GET http://registry.npmjs.org/gulp-util
123 silly addNameRange { name: 'shelljs', range: '>=0.3.0-0 <0.4.0-0', hasData: false }
124 verbose url raw shelljs
125 verbose url resolving [ 'http://registry.npmjs.org/', './shelljs' ]
126 verbose url resolved http://registry.npmjs.org/shelljs
127 info trying registry request attempt 1 at 20:30:29
128 verbose etag "2FHKL7WZEJD7D1XJJ26XEHV2N"
129 http GET http://registry.npmjs.org/shelljs
130 http 200 http://registry.npmjs.org/gulp-rename
131 silly registry.get cb [ 200,
131 silly registry.get   { server: 'CouchDB/1.5.0 (Erlang OTP/R16B03)',
131 silly registry.get     etag: '"7JXS1R13OOD7K7J4GVHCZ415H"',
131 silly registry.get     'content-type': 'application/json',
131 silly registry.get     'cache-control': 'max-age=60',
131 silly registry.get     'content-length': '10172',
131 silly registry.get     'accept-ranges': 'bytes',
131 silly registry.get     date: 'Tue, 31 Mar 2015 18:30:29 GMT',
131 silly registry.get     via: '1.1 varnish',
131 silly registry.get     age: '43',
131 silly registry.get     connection: 'keep-alive',
131 silly registry.get     'x-served-by': 'cache-lhr6320-LHR',
131 silly registry.get     'x-cache': 'HIT',
131 silly registry.get     'x-cache-hits': '2',
131 silly registry.get     'x-timer': 'S1427826629.948186,VS0,VE0',
131 silly registry.get     vary: 'Accept' } ]
132 silly addNameRange number 2 { name: 'gulp-rename',
132 silly addNameRange   range: '>=1.2.0-0 <2.0.0-0',
132 silly addNameRange   hasData: true }
133 silly addNameRange versions [ 'gulp-rename',
133 silly addNameRange   [ '0.1.0', '0.2.1', '0.2.2', '1.0.0', '1.1.0', '1.2.0' ] ]
134 verbose addNamed [ 'gulp-rename', '1.2.0' ]
135 verbose addNamed [ '1.2.0', '1.2.0' ]
136 silly lockFile 5981c611-gulp-rename-1-2-0 gulp-rename@1.2.0
137 verbose lock gulp-rename@1.2.0 /home/slaw/.npm/5981c611-gulp-rename-1-2-0.lock
138 silly lockFile 4ba09f73-ulp-rename-gulp-rename-1-2-0-tgz http://registry.npmjs.org/gulp-rename/-/gulp-rename-1.2.0.tgz
139 verbose lock http://registry.npmjs.org/gulp-rename/-/gulp-rename-1.2.0.tgz /home/slaw/.npm/4ba09f73-ulp-rename-gulp-rename-1-2-0-tgz.lock
140 verbose addRemoteTarball [ 'http://registry.npmjs.org/gulp-rename/-/gulp-rename-1.2.0.tgz',
140 verbose addRemoteTarball   '060394a09b085cf5d46fc48acdc5657f8fee9e4e' ]
141 info retry fetch attempt 1 at 20:30:30
142 verbose fetch to= /home/slaw/tmp/npm-7705-5Uj7ta9d/registry.npmjs.org/gulp-rename/-/gulp-rename-1.2.0.tgz
143 http GET http://registry.npmjs.org/gulp-rename/-/gulp-rename-1.2.0.tgz
144 http 200 http://registry.npmjs.org/gulp-sass
145 silly registry.get cb [ 200,
145 silly registry.get   { server: 'CouchDB/1.5.0 (Erlang OTP/R16B03)',
145 silly registry.get     etag: '"EUF6CGWYWMR5KVW4K6GCEQKO0"',
145 silly registry.get     'content-type': 'application/json',
145 silly registry.get     'cache-control': 'max-age=60',
145 silly registry.get     'content-length': '32020',
145 silly registry.get     'accept-ranges': 'bytes',
145 silly registry.get     date: 'Tue, 31 Mar 2015 18:30:29 GMT',
145 silly registry.get     via: '1.1 varnish',
145 silly registry.get     age: '0',
145 silly registry.get     connection: 'keep-alive',
145 silly registry.get     'x-served-by': 'cache-lcy1128-LCY',
145 silly registry.get     'x-cache': 'HIT',
145 silly registry.get     'x-cache-hits': '1',
145 silly registry.get     'x-timer': 'S1427826629.910523,VS0,VE85',
145 silly registry.get     vary: 'Accept' } ]
146 http 200 http://registry.npmjs.org/gulp
147 silly registry.get cb [ 200,
147 silly registry.get   { server: 'CouchDB/1.5.0 (Erlang OTP/R16B03)',
147 silly registry.get     etag: '"5X8ZS3PB0KIIINWI9SCT0W9JZ"',
147 silly registry.get     'content-type': 'application/json',
147 silly registry.get     'cache-control': 'max-age=60',
147 silly registry.get     'content-length': '100505',
147 silly registry.get     'accept-ranges': 'bytes',
147 silly registry.get     date: 'Tue, 31 Mar 2015 18:30:29 GMT',
147 silly registry.get     via: '1.1 varnish',
147 silly registry.get     age: '18',
147 silly registry.get     connection: 'keep-alive',
147 silly registry.get     'x-served-by': 'cache-lcy1127-LCY',
147 silly registry.get     'x-cache': 'HIT',
147 silly registry.get     'x-cache-hits': '1',
147 silly registry.get     'x-timer': 'S1427826629.911227,VS0,VE1',
147 silly registry.get     vary: 'Accept' } ]
148 http 200 http://registry.npmjs.org/gulp-minify-css
149 silly registry.get cb [ 200,
149 silly registry.get   { server: 'CouchDB/1.5.0 (Erlang OTP/R16B03)',
149 silly registry.get     etag: '"DO0R74EK9ZRH95ENOLCCT1ZT8"',
149 silly registry.get     'content-type': 'application/json',
149 silly registry.get     'cache-control': 'max-age=60',
149 silly registry.get     'content-length': '42196',
149 silly registry.get     'accept-ranges': 'bytes',
149 silly registry.get     date: 'Tue, 31 Mar 2015 18:30:30 GMT',
149 silly registry.get     via: '1.1 varnish',
149 silly registry.get     age: '0',
149 silly registry.get     connection: 'keep-alive',
149 silly registry.get     'x-served-by': 'cache-lhr6321-LHR',
149 silly registry.get     'x-cache': 'HIT',
149 silly registry.get     'x-cache-hits': '1',
149 silly registry.get     'x-timer': 'S1427826629.915473,VS0,VE90',
149 silly registry.get     vary: 'Accept' } ]
150 silly addNameRange number 2 { name: 'gulp-sass', range: '>=0.7.1-0 <0.8.0-0', hasData: true }
151 silly addNameRange versions [ 'gulp-sass',
151 silly addNameRange   [ '0.1.0',
151 silly addNameRange     '0.2.1',
151 silly addNameRange     '0.2.2',
151 silly addNameRange     '0.2.3',
151 silly addNameRange     '0.3.0',
151 silly addNameRange     '0.4.0',
151 silly addNameRange     '0.4.1',
151 silly addNameRange     '0.5.0',
151 silly addNameRange     '0.5.1',
151 silly addNameRange     '0.5.2',
151 silly addNameRange     '0.6.0',
151 silly addNameRange     '0.7.0',
151 silly addNameRange     '0.7.1',
151 silly addNameRange     '0.7.2',
151 silly addNameRange     '0.7.3',
151 silly addNameRange     '1.0.0',
151 silly addNameRange     '1.1.0',
151 silly addNameRange     '1.2.0',
151 silly addNameRange     '1.2.1',
151 silly addNameRange     '1.2.2',
151 silly addNameRange     '1.2.3',
151 silly addNameRange     '1.2.4',
151 silly addNameRange     '1.3.0',
151 silly addNameRange     '1.3.1',
151 silly addNameRange     '1.3.2',
151 silly addNameRange     '1.3.3' ] ]
152 verbose addNamed [ 'gulp-sass', '0.7.3' ]
153 verbose addNamed [ '0.7.3', '0.7.3' ]
154 silly lockFile 721f0c96-gulp-sass-0-7-3 gulp-sass@0.7.3
155 verbose lock gulp-sass@0.7.3 /home/slaw/.npm/721f0c96-gulp-sass-0-7-3.lock
156 silly addNameRange number 2 { name: 'gulp', range: '>=3.5.6-0 <4.0.0-0', hasData: true }
157 silly addNameRange versions [ 'gulp',
157 silly addNameRange   [ '0.0.1',
157 silly addNameRange     '0.0.2',
157 silly addNameRange     '0.0.3',
157 silly addNameRange     '0.0.4',
157 silly addNameRange     '0.0.5',
157 silly addNameRange     '0.0.7',
157 silly addNameRange     '0.0.8',
157 silly addNameRange     '0.0.9',
157 silly addNameRange     '0.1.0',
157 silly addNameRange     '0.2.0',
157 silly addNameRange     '1.0.0',
157 silly addNameRange     '1.1.0',
157 silly addNameRange     '1.2.0',
157 silly addNameRange     '1.2.1',
157 silly addNameRange     '2.0.0',
157 silly addNameRange     '2.0.1',
157 silly addNameRange     '2.1.0',
157 silly addNameRange     '2.2.0',
157 silly addNameRange     '2.3.0',
157 silly addNameRange     '2.4.0',
157 silly addNameRange     '2.4.1',
157 silly addNameRange     '2.6.0',
157 silly addNameRange     '2.6.1',
157 silly addNameRange     '2.7.0',
157 silly addNameRange     '3.0.0',
157 silly addNameRange     '3.1.1',
157 silly addNameRange     '3.1.2',
157 silly addNameRange     '3.1.3',
157 silly addNameRange     '3.1.4',
157 silly addNameRange     '3.2.0',
157 silly addNameRange     '3.2.1',
157 silly addNameRange     '3.2.2',
157 silly addNameRange     '3.2.3',
157 silly addNameRange     '3.2.4',
157 silly addNameRange     '3.2.5',
157 silly addNameRange     '3.3.0',
157 silly addNameRange     '3.3.1',
157 silly addNameRange     '3.3.2',
157 silly addNameRange     '3.3.4',
157 silly addNameRange     '3.4.0',
157 silly addNameRange     '3.5.0',
157 silly addNameRange     '3.5.1',
157 silly addNameRange     '3.5.2',
157 silly addNameRange     '3.5.5',
157 silly addNameRange     '3.5.6',
157 silly addNameRange     '3.6.0',
157 silly addNameRange     '3.6.1',
157 silly addNameRange     '3.6.2',
157 silly addNameRange     '3.7.0',
157 silly addNameRange     '3.8.0',
157 silly addNameRange     '3.8.1',
157 silly addNameRange     '3.8.2',
157 silly addNameRange     '3.8.3',
157 silly addNameRange     '3.8.4',
157 silly addNameRange     '3.8.5',
157 silly addNameRange     '3.8.6',
157 silly addNameRange     '3.8.7',
157 silly addNameRange     '3.8.8',
157 silly addNameRange     '3.8.9',
157 silly addNameRange     '3.8.10',
157 silly addNameRange     '3.8.11' ] ]
158 verbose addNamed [ 'gulp', '3.8.11' ]
159 verbose addNamed [ '3.8.11', '3.8.11' ]
160 silly lockFile 3d31ec08-gulp-3-8-11 gulp@3.8.11
161 verbose lock gulp@3.8.11 /home/slaw/.npm/3d31ec08-gulp-3-8-11.lock
162 silly addNameRange number 2 { name: 'gulp-minify-css',
162 silly addNameRange   range: '>=0.3.0-0 <0.4.0-0',
162 silly addNameRange   hasData: true }
163 silly addNameRange versions [ 'gulp-minify-css',
163 silly addNameRange   [ '0.0.1',
163 silly addNameRange     '0.1.0',
163 silly addNameRange     '0.2.0',
163 silly addNameRange     '0.3.0',
163 silly addNameRange     '0.3.1',
163 silly addNameRange     '0.3.2',
163 silly addNameRange     '0.3.3',
163 silly addNameRange     '0.3.4',
163 silly addNameRange     '0.3.5',
163 silly addNameRange     '0.3.6',
163 silly addNameRange     '0.3.7',
163 silly addNameRange     '0.3.8',
163 silly addNameRange     '0.3.9',
163 silly addNameRange     '0.3.10',
163 silly addNameRange     '0.3.11',
163 silly addNameRange     '0.3.12',
163 silly addNameRange     '0.3.13',
163 silly addNameRange     '0.4.0',
163 silly addNameRange     '0.4.1',
163 silly addNameRange     '0.4.2',
163 silly addNameRange     '0.4.3',
163 silly addNameRange     '0.4.4',
163 silly addNameRange     '0.4.5',
163 silly addNameRange     '0.4.6',
163 silly addNameRange     '0.5.0',
163 silly addNameRange     '0.5.1',
163 silly addNameRange     '1.0.0' ] ]
164 verbose addNamed [ 'gulp-minify-css', '0.3.13' ]
165 verbose addNamed [ '0.3.13', '0.3.13' ]
166 silly lockFile 9038a954-gulp-minify-css-0-3-13 gulp-minify-css@0.3.13
167 verbose lock gulp-minify-css@0.3.13 /home/slaw/.npm/9038a954-gulp-minify-css-0-3-13.lock
168 http 304 http://registry.npmjs.org/shelljs
169 silly registry.get cb [ 304,
169 silly registry.get   { date: 'Tue, 31 Mar 2015 18:30:30 GMT',
169 silly registry.get     via: '1.1 varnish',
169 silly registry.get     'last-modified': 'Tue, 31 Mar 2015 18:30:16 GMT',
169 silly registry.get     'cache-control': 'max-age=60',
169 silly registry.get     etag: '"2FHKL7WZEJD7D1XJJ26XEHV2N"',
169 silly registry.get     age: '45',
169 silly registry.get     connection: 'keep-alive',
169 silly registry.get     'x-served-by': 'cache-lcy1127-LCY',
169 silly registry.get     'x-cache': 'HIT',
169 silly registry.get     'x-cache-hits': '2',
169 silly registry.get     'x-timer': 'S1427826630.099122,VS0,VE0',
169 silly registry.get     vary: 'Accept' } ]
170 verbose etag shelljs from cache
171 silly lockFile 1575a74b-rg-gulp-sass-gulp-sass-0-7-3-tgz http://registry.npmjs.org/gulp-sass/-/gulp-sass-0.7.3.tgz
172 verbose lock http://registry.npmjs.org/gulp-sass/-/gulp-sass-0.7.3.tgz /home/slaw/.npm/1575a74b-rg-gulp-sass-gulp-sass-0-7-3-tgz.lock
173 silly lockFile 461133b3-y-css-gulp-minify-css-0-3-13-tgz http://registry.npmjs.org/gulp-minify-css/-/gulp-minify-css-0.3.13.tgz
174 verbose lock http://registry.npmjs.org/gulp-minify-css/-/gulp-minify-css-0.3.13.tgz /home/slaw/.npm/461133b3-y-css-gulp-minify-css-0-3-13-tgz.lock
175 silly lockFile 72eecb1c-y-npmjs-org-gulp-gulp-3-8-11-tgz http://registry.npmjs.org/gulp/-/gulp-3.8.11.tgz
176 verbose lock http://registry.npmjs.org/gulp/-/gulp-3.8.11.tgz /home/slaw/.npm/72eecb1c-y-npmjs-org-gulp-gulp-3-8-11-tgz.lock
177 verbose addRemoteTarball [ 'http://registry.npmjs.org/gulp-sass/-/gulp-sass-0.7.3.tgz',
177 verbose addRemoteTarball   '4bfbb4e4d95a40be8beeebe07e8e477e7f7a2edc' ]
178 verbose addRemoteTarball [ 'http://registry.npmjs.org/gulp-minify-css/-/gulp-minify-css-0.3.13.tgz',
178 verbose addRemoteTarball   'ba813c665422868305383ccd185f239c1e35209b' ]
179 verbose addRemoteTarball [ 'http://registry.npmjs.org/gulp/-/gulp-3.8.11.tgz',
179 verbose addRemoteTarball   'd557e0a7283eb4136491969b0497767972f1d28a' ]
180 info retry fetch attempt 1 at 20:30:30
181 verbose fetch to= /home/slaw/tmp/npm-7705-5Uj7ta9d/registry.npmjs.org/gulp-sass/-/gulp-sass-0.7.3.tgz
182 info retry fetch attempt 1 at 20:30:30
183 verbose fetch to= /home/slaw/tmp/npm-7705-5Uj7ta9d/registry.npmjs.org/gulp-minify-css/-/gulp-minify-css-0.3.13.tgz
184 info retry fetch attempt 1 at 20:30:30
185 verbose fetch to= /home/slaw/tmp/npm-7705-5Uj7ta9d/registry.npmjs.org/gulp/-/gulp-3.8.11.tgz
186 http GET http://registry.npmjs.org/gulp-sass/-/gulp-sass-0.7.3.tgz
187 http GET http://registry.npmjs.org/gulp-minify-css/-/gulp-minify-css-0.3.13.tgz
188 http GET http://registry.npmjs.org/gulp/-/gulp-3.8.11.tgz
189 silly addNameRange number 2 { name: 'shelljs', range: '>=0.3.0-0 <0.4.0-0', hasData: true }
190 silly addNameRange versions [ 'shelljs',
190 silly addNameRange   [ '0.0.1',
190 silly addNameRange     '0.0.2',
190 silly addNameRange     '0.0.3',
190 silly addNameRange     '0.0.4',
190 silly addNameRange     '0.0.5',
190 silly addNameRange     '0.0.6',
190 silly addNameRange     '0.0.7',
190 silly addNameRange     '0.0.8',
190 silly addNameRange     '0.0.9',
190 silly addNameRange     '0.1.0',
190 silly addNameRange     '0.1.1',
190 silly addNameRange     '0.1.2',
190 silly addNameRange     '0.1.3',
190 silly addNameRange     '0.1.4',
190 silly addNameRange     '0.2.0',
190 silly addNameRange     '0.2.1',
190 silly addNameRange     '0.2.2',
190 silly addNameRange     '0.2.3',
190 silly addNameRange     '0.2.4',
190 silly addNameRange     '0.2.5',
190 silly addNameRange     '0.2.6',
190 silly addNameRange     '0.3.0',
190 silly addNameRange     '0.4.0',
190 silly addNameRange     '0.0.1-alpha1',
190 silly addNameRange     '0.0.2-pre1',
190 silly addNameRange     '0.0.4-pre1',
190 silly addNameRange     '0.0.5-pre1',
190 silly addNameRange     '0.0.5-pre2',
190 silly addNameRange     '0.0.5-pre3',
190 silly addNameRange     '0.0.5-pre4',
190 silly addNameRange     '0.0.6-pre1',
190 silly addNameRange     '0.0.6-pre2' ] ]
191 verbose addNamed [ 'shelljs', '0.3.0' ]
192 verbose addNamed [ '0.3.0', '0.3.0' ]
193 silly lockFile 7d3918b1-shelljs-0-3-0 shelljs@0.3.0
194 verbose lock shelljs@0.3.0 /home/slaw/.npm/7d3918b1-shelljs-0-3-0.lock
195 http 200 http://registry.npmjs.org/gulp-rename/-/gulp-rename-1.2.0.tgz
196 http 200 http://registry.npmjs.org/gulp-concat
197 silly registry.get cb [ 200,
197 silly registry.get   { server: 'CouchDB/1.5.0 (Erlang OTP/R16B03)',
197 silly registry.get     etag: '"A9KN51GL4NQV4MNJF6LI0859Z"',
197 silly registry.get     'content-type': 'application/json',
197 silly registry.get     'cache-control': 'max-age=60',
197 silly registry.get     'content-length': '34716',
197 silly registry.get     'accept-ranges': 'bytes',
197 silly registry.get     date: 'Tue, 31 Mar 2015 18:30:30 GMT',
197 silly registry.get     via: '1.1 varnish',
197 silly registry.get     age: '0',
197 silly registry.get     connection: 'keep-alive',
197 silly registry.get     'x-served-by': 'cache-lcy1131-LCY',
197 silly registry.get     'x-cache': 'HIT',
197 silly registry.get     'x-cache-hits': '1',
197 silly registry.get     'x-timer': 'S1427826629.917390,VS0,VE153',
197 silly registry.get     vary: 'Accept' } ]
198 http 200 http://registry.npmjs.org/gulp-util
199 silly registry.get cb [ 200,
199 silly registry.get   { server: 'CouchDB/1.5.0 (Erlang OTP/R16B03)',
199 silly registry.get     etag: '"7ZOA7Z1H7DMXQ4SJJ9KPM6627"',
199 silly registry.get     'content-type': 'application/json',
199 silly registry.get     'cache-control': 'max-age=60',
199 silly registry.get     'content-length': '55146',
199 silly registry.get     'accept-ranges': 'bytes',
199 silly registry.get     date: 'Tue, 31 Mar 2015 18:30:30 GMT',
199 silly registry.get     via: '1.1 varnish',
199 silly registry.get     age: '42',
199 silly registry.get     connection: 'keep-alive',
199 silly registry.get     'x-served-by': 'cache-lcy1128-LCY',
199 silly registry.get     'x-cache': 'HIT',
199 silly registry.get     'x-cache-hits': '1',
199 silly registry.get     'x-timer': 'S1427826630.090414,VS0,VE0',
199 silly registry.get     vary: 'Accept' } ]
200 http 200 http://registry.npmjs.org/bower
201 silly registry.get cb [ 200,
201 silly registry.get   { server: 'CouchDB/1.5.0 (Erlang OTP/R16B03)',
201 silly registry.get     etag: '"1QUOVXLXH1KADBJ3BS6YZDB1L"',
201 silly registry.get     'content-type': 'application/json',
201 silly registry.get     'cache-control': 'max-age=60',
201 silly registry.get     'content-length': '109007',
201 silly registry.get     'accept-ranges': 'bytes',
201 silly registry.get     date: 'Tue, 31 Mar 2015 18:30:29 GMT',
201 silly registry.get     via: '1.1 varnish',
201 silly registry.get     age: '54',
201 silly registry.get     connection: 'keep-alive',
201 silly registry.get     'x-served-by': 'cache-lhr6320-LHR',
201 silly registry.get     'x-cache': 'HIT',
201 silly registry.get     'x-cache-hits': '1',
201 silly registry.get     'x-timer': 'S1427826629.998335,VS0,VE1',
201 silly registry.get     vary: 'Accept' } ]
202 silly lockFile 7d3918b1-shelljs-0-3-0 shelljs@0.3.0
203 silly lockFile 7d3918b1-shelljs-0-3-0 shelljs@0.3.0
204 silly addNameRange number 2 { name: 'gulp-concat',
204 silly addNameRange   range: '>=2.2.0-0 <3.0.0-0',
204 silly addNameRange   hasData: true }
205 silly addNameRange versions [ 'gulp-concat',
205 silly addNameRange   [ '0.0.1',
205 silly addNameRange     '1.0.0',
205 silly addNameRange     '1.1.0',
205 silly addNameRange     '2.0.0',
205 silly addNameRange     '2.1.0',
205 silly addNameRange     '2.1.1',
205 silly addNameRange     '2.1.2',
205 silly addNameRange     '2.1.3',
205 silly addNameRange     '2.1.4',
205 silly addNameRange     '2.1.5',
205 silly addNameRange     '2.1.6',
205 silly addNameRange     '2.1.7',
205 silly addNameRange     '2.2.0',
205 silly addNameRange     '2.3.0',
205 silly addNameRange     '2.3.3',
205 silly addNameRange     '2.3.4',
205 silly addNameRange     '2.3.5',
205 silly addNameRange     '2.4.0',
205 silly addNameRange     '2.4.1',
205 silly addNameRange     '2.4.2',
205 silly addNameRange     '2.4.3',
205 silly addNameRange     '2.5.0',
205 silly addNameRange     '2.5.1',
205 silly addNameRange     '2.5.2' ] ]
206 verbose addNamed [ 'gulp-concat', '2.5.2' ]
207 verbose addNamed [ '2.5.2', '2.5.2' ]
208 silly lockFile f86cbda2-gulp-concat-2-5-2 gulp-concat@2.5.2
209 verbose lock gulp-concat@2.5.2 /home/slaw/.npm/f86cbda2-gulp-concat-2-5-2.lock
210 silly lockFile 1ddaa962-shelljs-0-3-0 shelljs@^0.3.0
211 silly lockFile 1ddaa962-shelljs-0-3-0 shelljs@^0.3.0
212 silly addNameRange number 2 { name: 'gulp-util',
212 silly addNameRange   range: '>=2.2.14-0 <3.0.0-0',
212 silly addNameRange   hasData: true }
213 silly addNameRange versions [ 'gulp-util',
213 silly addNameRange   [ '0.0.1',
213 silly addNameRange     '1.0.0',
213 silly addNameRange     '1.1.0',
213 silly addNameRange     '1.1.1',
213 silly addNameRange     '1.2.0',
213 silly addNameRange     '1.3.0',
213 silly addNameRange     '2.0.0',
213 silly addNameRange     '2.1.1',
213 silly addNameRange     '2.1.2',
213 silly addNameRange     '2.1.3',
213 silly addNameRange     '2.1.4',
213 silly addNameRange     '2.2.0',
213 silly addNameRange     '2.2.1',
213 silly addNameRange     '2.2.2',
213 silly addNameRange     '2.2.3',
213 silly addNameRange     '2.2.5',
213 silly addNameRange     '2.2.6',
213 silly addNameRange     '2.2.7',
213 silly addNameRange     '2.2.8',
213 silly addNameRange     '2.2.9',
213 silly addNameRange     '2.2.10',
213 silly addNameRange     '2.2.11',
213 silly addNameRange     '2.2.12',
213 silly addNameRange     '2.2.13',
213 silly addNameRange     '2.2.14',
213 silly addNameRange     '2.2.15',
213 silly addNameRange     '2.2.16',
213 silly addNameRange     '2.2.17',
213 silly addNameRange     '2.2.18',
213 silly addNameRange     '2.2.19',
213 silly addNameRange     '2.2.20',
213 silly addNameRange     '3.0.0',
213 silly addNameRange     '3.0.1',
213 silly addNameRange     '3.0.2',
213 silly addNameRange     '3.0.3',
213 silly addNameRange     '3.0.4' ] ]
214 verbose addNamed [ 'gulp-util', '2.2.20' ]
215 verbose addNamed [ '2.2.20', '2.2.20' ]
216 silly lockFile 48c194cb-gulp-util-2-2-20 gulp-util@2.2.20
217 verbose lock gulp-util@2.2.20 /home/slaw/.npm/48c194cb-gulp-util-2-2-20.lock
218 silly addNameRange number 2 { name: 'bower', range: '>=1.3.3-0 <2.0.0-0', hasData: true }
219 silly addNameRange versions [ 'bower',
219 silly addNameRange   [ '0.1.0',
219 silly addNameRange     '0.1.2',
219 silly addNameRange     '0.1.3',
219 silly addNameRange     '0.2.0',
219 silly addNameRange     '0.3.0',
219 silly addNameRange     '0.3.1',
219 silly addNameRange     '0.3.2',
219 silly addNameRange     '0.4.0',
219 silly addNameRange     '0.5.0',
219 silly addNameRange     '0.5.1',
219 silly addNameRange     '0.6.0',
219 silly addNameRange     '0.6.1',
219 silly addNameRange     '0.6.2',
219 silly addNameRange     '0.6.3',
219 silly addNameRange     '0.6.4',
219 silly addNameRange     '0.6.5',
219 silly addNameRange     '0.6.6',
219 silly addNameRange     '0.6.7',
219 silly addNameRange     '0.6.8',
219 silly addNameRange     '0.7.0',
219 silly addNameRange     '0.7.1',
219 silly addNameRange     '0.8.0',
219 silly addNameRange     '0.8.1',
219 silly addNameRange     '0.8.2',
219 silly addNameRange     '0.8.3',
219 silly addNameRange     '0.8.4',
219 silly addNameRange     '0.8.5',
219 silly addNameRange     '0.8.6',
219 silly addNameRange     '0.9.0',
219 silly addNameRange     '0.9.1',
219 silly addNameRange     '0.9.2',
219 silly addNameRange     '0.10.0',
219 silly addNameRange     '1.0.0',
219 silly addNameRange     '1.0.1',
219 silly addNameRange     '1.0.2',
219 silly addNameRange     '1.0.3',
219 silly addNameRange     '1.1.0',
219 silly addNameRange     '1.1.1',
219 silly addNameRange     '1.1.2',
219 silly addNameRange     '1.2.0',
219 silly addNameRange     '1.2.1',
219 silly addNameRange     '1.2.2',
219 silly addNameRange     '1.2.3',
219 silly addNameRange     '1.2.4',
219 silly addNameRange     '1.2.5',
219 silly addNameRange     '1.2.6',
219 silly addNameRange     '1.2.7',
219 silly addNameRange     '1.2.8',
219 silly addNameRange     '1.3.0',
219 silly addNameRange     '1.3.1',
219 silly addNameRange     '1.3.2',
219 silly addNameRange     '1.3.3',
219 silly addNameRange     '1.3.4',
219 silly addNameRange     '1.3.5',
219 silly addNameRange     '1.3.6',
219 silly addNameRange     '1.3.7',
219 silly addNameRange     '1.3.8',
219 silly addNameRange     '1.3.9',
219 silly addNameRange     '1.3.10',
219 silly addNameRange     '1.3.11',
219 silly addNameRange     '1.3.12',
219 silly addNameRange     '1.4.0' ] ]
220 verbose addNamed [ 'bower', '1.4.0' ]
221 verbose addNamed [ '1.4.0', '1.4.0' ]
222 silly lockFile 278d7e6e-bower-1-4-0 bower@1.4.0
223 verbose lock bower@1.4.0 /home/slaw/.npm/278d7e6e-bower-1-4-0.lock
224 error Error: EACCES, open '/home/slaw/.npm/shelljs/0.3.0/package/package.json'
224 error  { [Error: EACCES, open '/home/slaw/.npm/shelljs/0.3.0/package/package.json']
224 error   errno: 3,
224 error   code: 'EACCES',
224 error   path: '/home/slaw/.npm/shelljs/0.3.0/package/package.json',
224 error   parent: 'gesture-app' }
225 error Please try running this command again as root/Administrator.
226 error System Linux 3.13.0-46-generic
227 error command "/usr/local/bin/node" "/usr/local/bin/npm" "install"
228 error cwd /home/slaw/apps/gesture-app
229 error node -v v0.10.29
230 error npm -v 1.4.14
231 error path /home/slaw/.npm/shelljs/0.3.0/package/package.json
232 error code EACCES
233 error errno 3
234 error stack Error: EACCES, open '/home/slaw/.npm/shelljs/0.3.0/package/package.json'
235 verbose exit [ 3, true ]
